<?xml version="1.0" encoding="UTF-8"?>
<!-- Generated by org.testng.reporters.JUnitReportReporter -->
<testsuite hostname="LAPTOP-AVISSGI3" failures="0" tests="1" name="com.cloudtest.LocalTestExecution" time="17.257" errors="0" timestamp="2024-04-21T21:17:03 IST" skipped="0">
  <testcase classname="com.cloudtest.LocalTestExecution" name="OpenChromeBrowser" time="17.257"/>
  <system-out/>
</testsuite> <!-- com.cloudtest.LocalTestExecution -->
