<?xml version="1.0" encoding="UTF-8"?>
<!-- Generated by org.testng.reporters.JUnitReportReporter -->
<testsuite hostname="LAPTOP-AVISSGI3" failures="0" tests="1" name="com.cloudtest.AmazonSearchTestCase" time="5.444" errors="0" timestamp="2024-04-21T22:57:55 IST" skipped="0">
  <testcase classname="com.cloudtest.AmazonSearchTestCase" name="AmazonDynamicSearchTest" time="5.444"/>
  <system-out/>
</testsuite> <!-- com.cloudtest.AmazonSearchTestCase -->
